<?xml version="1.0" encoding="UTF-8"?>
<testsuite name="CodeSharingPlatformTest" tests="1" skipped="0" failures="1" errors="0" timestamp="2021-07-28T21:33:08" hostname="PCCZARKA" time="15.221">
  <properties/>
  <testcase name="start" classname="CodeSharingPlatformTest" time="15.221">
    <failure message="java.lang.AssertionError: Wrong answer in test #115&#10;&#10;The JSON object at key views is incorrect, found 4&#10;&#10;Full JSON:&#10;{&#10;  &quot;code&quot;: &quot;Snippet #18&quot;,&#10;  &quot;date&quot;: &quot;2021/07/28 23:33:16&quot;,&#10;  &quot;views&quot;: 4,&#10;  &quot;time&quot;: 0&#10;}&#10;&#10;Please find below the output of your program during this failed test.&#10;&#10;---&#10;&#10;&#10;  .   ____          _            __ _ _&#10; /\\ / ___'_ __ _ _(_)_ __  __ _ \ \ \ \&#10;( ( )\___ | '_ | '_| | '_ \/ _` | \ \ \ \&#10; \\/  ___)| |_)| | | | | || (_| |  ) ) ) )&#10;  '  |____| .__|_| |_|_| |_\__, | / / / /&#10; =========|_|==============|___/=/_/_/_/&#10; :: Spring Boot ::        (v2.3.3.RELEASE)&#10;&#10;2021-07-28 23:33:08.841  INFO 12864 --- [    Test worker] platform.CodeSharingPlatform             : Starting CodeSharingPlatform on PCCZARKA with PID 12864 (started by Windows in G:\Projekty\Code Sharing Platform\Code Sharing Platform\task)&#10;2021-07-28 23:33:08.848  INFO 12864 --- [    Test worker] platform.CodeSharingPlatform             : No active profile set, falling back to default profiles: default&#10;2021-07-28 23:33:09.799  INFO 12864 --- [    Test worker] .s.d.r.c.RepositoryConfigurationDelegate : Bootstrapping Spring Data JPA repositories in DEFERRED mode.&#10;2021-07-28 23:33:09.853  INFO 12864 --- [    Test worker] .s.d.r.c.RepositoryConfigurationDelegate : Finished Spring Data repository scanning in 45ms. Found 1 JPA repository interfaces.&#10;2021-07-28 23:33:10.626  INFO 12864 --- [    Test worker] o.s.b.w.embedded.tomcat.TomcatWebServer  : Tomcat initialized with port(s): 8080 (http)&#10;2021-07-28 23:33:10.639  INFO 12864 --- [    Test worker] o.apache.catalina.core.StandardService   : Starting service [Tomcat]&#10;2021-07-28 23:33:10.640  INFO 12864 --- [    Test worker] org.apache.catalina.core.StandardEngine  : Starting Servlet engine: [Apache Tomcat/9.0.37]&#10;2021-07-28 23:33:10.753  INFO 12864 --- [    Test worker] o.a.c.c.C.[Tomcat].[localhost].[/]       : Initializing Spring embedded WebApplicationContext&#10;2021-07-28 23:33:10.754  INFO 12864 --- [    Test worker] w.s.c.ServletWebServerApplicationContext : Root WebApplicationContext: initialization completed in 1842 ms&#10;2021-07-28 23:33:10.913  INFO 12864 --- [    Test worker] com.zaxxer.hikari.HikariDataSource       : HikariPool-1 - Starting...&#10;2021-07-28 23:33:11.121  INFO 12864 --- [    Test worker] com.zaxxer.hikari.HikariDataSource       : HikariPool-1 - Start completed.&#10;2021-07-28 23:33:11.132  INFO 12864 --- [    Test worker] o.s.b.a.h2.H2ConsoleAutoConfiguration    : H2 console available at '/h2-console'. Database available at 'jdbc:h2:file:../code_db'&#10;2021-07-28 23:33:11.372  INFO 12864 --- [    Test worker] o.s.s.concurrent.ThreadPoolTaskExecutor  : Initializing ExecutorService 'applicationTaskExecutor'&#10;2021-07-28 23:33:11.426  INFO 12864 --- [         task-1] o.hibernate.jpa.internal.util.LogHelper  : HHH000204: Processing PersistenceUnitInfo [name: default]&#10;2021-07-28 23:33:11.472  WARN 12864 --- [    Test worker] JpaBaseConfiguration$JpaWebConfiguration : spring.jpa.open-in-view is enabled by default. Therefore, database queries may be performed during view rendering. Explicitly configure spring.jpa.open-in-view to disable this warning&#10;2021-07-28 23:33:11.492  INFO 12864 --- [         task-1] org.hibernate.Version                    : HHH000412: Hibernate ORM core version 5.4.20.Final&#10;2021-07-28 23:33:11.740  INFO 12864 --- [         task-1] o.hibernate.annotations.common.Version   : HCANN000001: Hibernate Commons Annotations {5.1.0.Final}&#10;2021-07-28 23:33:12.071  INFO 12864 --- [         task-1] org.hibernate.dialect.Dialect            : HHH000400: Using dialect: org.hibernate.dialect.H2Dialect&#10;2021-07-28 23:33:12.977  INFO 12864 --- [         task-1] o.h.e.t.j.p.i.JtaPlatformInitiator       : HHH000490: Using JtaPlatform implementation: [org.hibernate.engine.transaction.jta.platform.internal.NoJtaPlatform]&#10;2021-07-28 23:33:12.987  INFO 12864 --- [         task-1] j.LocalContainerEntityManagerFactoryBean : Initialized JPA EntityManagerFactory for persistence unit 'default'&#10;2021-07-28 23:33:13.168  INFO 12864 --- [    Test worker] o.s.b.a.e.web.EndpointLinksResolver      : Exposing 14 endpoint(s) beneath base path '/actuator'&#10;2021-07-28 23:33:13.218  INFO 12864 --- [    Test worker] o.s.b.w.embedded.tomcat.TomcatWebServer  : Tomcat started on port(s): 8080 (http) with context path ''&#10;2021-07-28 23:33:13.219  INFO 12864 --- [    Test worker] DeferredRepositoryInitializationListener : Triggering deferred initialization of Spring Data repositories…&#10;2021-07-28 23:33:13.519  INFO 12864 --- [    Test worker] DeferredRepositoryInitializationListener : Spring Data repositories initialized!&#10;2021-07-28 23:33:13.542  INFO 12864 --- [    Test worker] platform.CodeSharingPlatform             : Started CodeSharingPlatform in 5.102 seconds (JVM running for 5.994)&#10;2021-07-28 23:33:13.870  INFO 12864 --- [nio-8080-exec-1] o.a.c.c.C.[Tomcat].[localhost].[/]       : Initializing Spring DispatcherServlet 'dispatcherServlet'&#10;2021-07-28 23:33:13.870  INFO 12864 --- [nio-8080-exec-1] o.s.web.servlet.DispatcherServlet        : Initializing Servlet 'dispatcherServlet'&#10;2021-07-28 23:33:13.881  INFO 12864 --- [nio-8080-exec-1] o.s.web.servlet.DispatcherServlet        : Completed initialization in 11 ms&#10;2021-07-28 23:33:15.707  INFO 12864 --- [       Thread-6] j.LocalContainerEntityManagerFactoryBean : Closing JPA EntityManagerFactory for persistence unit 'default'&#10;2021-07-28 23:33:15.709  INFO 12864 --- [       Thread-6] o.s.s.concurrent.ThreadPoolTaskExecutor  : Shutting down ExecutorService 'applicationTaskExecutor'&#10;2021-07-28 23:33:15.710  INFO 12864 --- [       Thread-6] com.zaxxer.hikari.HikariDataSource       : HikariPool-1 - Shutdown initiated...&#10;2021-07-28 23:33:15.733  INFO 12864 --- [       Thread-6] com.zaxxer.hikari.HikariDataSource       : HikariPool-1 - Shutdown completed.&#10;&#10;  .   ____          _            __ _ _&#10; /\\ / ___'_ __ _ _(_)_ __  __ _ \ \ \ \&#10;( ( )\___ | '_ | '_| | '_ \/ _` | \ \ \ \&#10; \\/  ___)| |_)| | | | | || (_| |  ) ) ) )&#10;  '  |____| .__|_| |_|_| |_\__, | / / / /&#10; =========|_|==============|___/=/_/_/_/&#10; :: Spring Boot ::        (v2.3.3.RELEASE)&#10;&#10;2021-07-28 23:33:15.835  INFO 12864 --- [    Test worker] platform.CodeSharingPlatform             : Starting CodeSharingPlatform on PCCZARKA with PID 12864 (started by Windows in G:\Projekty\Code Sharing Platform\Code Sharing Platform\task)&#10;2021-07-28 23:33:15.836  INFO 12864 --- [    Test worker] platform.CodeSharingPlatform             : No active profile set, falling back to default profiles: default&#10;2021-07-28 23:33:16.058  INFO 12864 --- [    Test worker] .s.d.r.c.RepositoryConfigurationDelegate : Bootstrapping Spring Data JPA repositories in DEFERRED mode.&#10;2021-07-28 23:33:16.064  INFO 12864 --- [    Test worker] .s.d.r.c.RepositoryConfigurationDelegate : Finished Spring Data repository scanning in 5ms. Found 1 JPA repository interfaces.&#10;2021-07-28 23:33:16.147  INFO 12864 --- [    Test worker] o.s.b.w.embedded.tomcat.TomcatWebServer  : Tomcat initialized with port(s): 8080 (http)&#10;2021-07-28 23:33:16.149  INFO 12864 --- [    Test worker] o.apache.catalina.core.StandardService   : Starting service [Tomcat]&#10;2021-07-28 23:33:16.149  INFO 12864 --- [    Test worker] org.apache.catalina.core.StandardEngine  : Starting Servlet engine: [Apache Tomcat/9.0.37]&#10;2021-07-28 23:33:16.167  INFO 12864 --- [    Test worker] o.a.c.c.C.[Tomcat].[localhost].[/]       : Initializing Spring embedded WebApplicationContext&#10;2021-07-28 23:33:16.168  INFO 12864 --- [    Test worker] w.s.c.ServletWebServerApplicationContext : Root WebApplicationContext: initialization completed in 331 ms&#10;2021-07-28 23:33:16.214  INFO 12864 --- [    Test worker] com.zaxxer.hikari.HikariDataSource       : HikariPool-2 - Starting...&#10;2021-07-28 23:33:16.229  INFO 12864 --- [    Test worker] com.zaxxer.hikari.HikariDataSource       : HikariPool-2 - Start completed.&#10;2021-07-28 23:33:16.230  INFO 12864 --- [    Test worker] o.s.b.a.h2.H2ConsoleAutoConfiguration    : H2 console available at '/h2-console'. Database available at 'jdbc:h2:file:../code_db'&#10;2021-07-28 23:33:16.274  INFO 12864 --- [    Test worker] o.s.s.concurrent.ThreadPoolTaskExecutor  : Initializing ExecutorService 'applicationTaskExecutor'&#10;2021-07-28 23:33:16.278  INFO 12864 --- [         task-1] o.hibernate.jpa.internal.util.LogHelper  : HHH000204: Processing PersistenceUnitInfo [name: default]&#10;2021-07-28 23:33:16.284  INFO 12864 --- [         task-1] org.hibernate.dialect.Dialect            : HHH000400: Using dialect: org.hibernate.dialect.H2Dialect&#10;2021-07-28 23:33:16.308  WARN 12864 --- [    Test worker] JpaBaseConfiguration$JpaWebConfiguration : spring.jpa.open-in-view is enabled by default. Therefore, database queries may be performed during view rendering. Explicitly configure spring.jpa.open-in-view to disable this warning&#10;2021-07-28 23:33:16.373  INFO 12864 --- [         task-1] o.h.e.t.j.p.i.JtaPlatformInitiator       : HHH000490: Using JtaPlatform implementation: [org.hibernate.engine.transaction.jta.platform.internal.NoJtaPlatform]&#10;2021-07-28 23:33:16.373  INFO 12864 --- [         task-1] j.LocalContainerEntityManagerFactoryBean : Initialized JPA EntityManagerFactory for persistence unit 'default'&#10;2021-07-28 23:33:16.546  INFO 12864 --- [    Test worker] o.s.b.a.e.web.EndpointLinksResolver      : Exposing 14 endpoint(s) beneath base path '/actuator'&#10;2021-07-28 23:33:16.562  INFO 12864 --- [    Test worker] o.s.b.w.embedded.tomcat.TomcatWebServer  : Tomcat started on port(s): 8080 (http) with context path ''&#10;2021-07-28 23:33:16.562  INFO 12864 --- [    Test worker] DeferredRepositoryInitializationListener : Triggering deferred initialization of Spring Data repositories…&#10;2021-07-28 23:33:16.596  INFO 12864 --- [    Test worker] DeferredRepositoryInitializationListener : Spring Data repositories initialized!&#10;2021-07-28 23:33:16.602  INFO 12864 --- [    Test worker] platform.CodeSharingPlatform             : Started CodeSharingPlatform in 0.791 seconds (JVM running for 9.053)&#10;2021-07-28 23:33:16.611  INFO 12864 --- [nio-8080-exec-1] o.a.c.c.C.[Tomcat].[localhost].[/]       : Initializing Spring DispatcherServlet 'dispatcherServlet'&#10;2021-07-28 23:33:16.612  INFO 12864 --- [nio-8080-exec-1] o.s.web.servlet.DispatcherServlet        : Initializing Servlet 'dispatcherServlet'&#10;2021-07-28 23:33:16.616  INFO 12864 --- [nio-8080-exec-1] o.s.web.servlet.DispatcherServlet        : Completed initialization in 3 ms&#10;2021-07-28 23:33:22.539  INFO 12864 --- [       Thread-9] j.LocalContainerEntityManagerFactoryBean : Closing JPA EntityManagerFactory for persistence unit 'default'&#10;2021-07-28 23:33:22.539  INFO 12864 --- [       Thread-9] o.s.s.concurrent.ThreadPoolTaskExecutor  : Shutting down ExecutorService 'applicationTaskExecutor'&#10;2021-07-28 23:33:22.540  INFO 12864 --- [       Thread-9] com.zaxxer.hikari.HikariDataSource       : HikariPool-2 - Shutdown initiated...&#10;&#10;  .   ____          _            __ _ _&#10; /\\ / ___'_ __ _ _(_)_ __  __ _ \ \ \ \&#10;( ( )\___ | '_ | '_| | '_ \/ _` | \ \ \ \&#10; \\/  ___)| |_)| | | | | || (_| |  ) ) ) )&#10;  '  |____| .__|_| |_|_| |_\__, | / / / /&#10; =========|_|==============|___/=/_/_/_/&#10; :: Spring Boot ::        (v2.3.3.RELEASE)&#10;&#10;2021-07-28 23:33:22.566  INFO 12864 --- [    Test worker] platform.CodeSharingPlatform             : Starting CodeSharingPlatform on PCCZARKA with PID 12864 (started by Windows in G:\Projekty\Code Sharing Platform\Code Sharing Platform\task)&#10;2021-07-28 23:33:22.566  INFO 12864 --- [    Test worker] platform.CodeSharingPlatform             : No active profile set, falling back to default profiles: default&#10;2021-07-28 23:33:22.775  INFO 12864 --- [    Test worker] .s.d.r.c.RepositoryConfigurationDelegate : Bootstrapping Spring Data JPA repositories in DEFERRED mode.&#10;2021-07-28 23:33:22.781  INFO 12864 --- [    Test worker] .s.d.r.c.RepositoryConfigurationDelegate : Finished Spring Data repository scanning in 5ms. Found 1 JPA repository interfaces.&#10;2021-07-28 23:33:22.851  INFO 12864 --- [    Test worker] o.s.b.w.embedded.tomcat.TomcatWebServer  : Tomcat initialized with port(s): 8080 (http)&#10;2021-07-28 23:33:22.852  INFO 12864 --- [    Test worker] o.apache.catalina.core.StandardService   : Starting service [Tomcat]&#10;2021-07-28 23:33:22.852  INFO 12864 --- [    Test worker] org.apache.catalina.core.StandardEngine  : Starting Servlet engine: [Apache Tomcat/9.0.37]&#10;2021-07-28 23:33:22.871  INFO 12864 --- [    Test worker] o.a.c.c.C.[Tomcat].[localhost].[/]       : Initializing Spring embedded WebApplicationContext&#10;2021-07-28 23:33:22.871  INFO 12864 --- [    Test worker] w.s.c.ServletWebServerApplicationContext : Root WebApplicationContext: initialization completed in 303 ms&#10;2021-07-28 23:33:22.905  INFO 12864 --- [    Test worker] com.zaxxer.hikari.HikariDataSource       : HikariPool-3 - Starting...&#10;2021-07-28 23:33:22.917  INFO 12864 --- [    Test worker] com.zaxxer.hikari.HikariDataSource       : HikariPool-3 - Start completed.&#10;2021-07-28 23:33:22.917  INFO 12864 --- [    Test worker] o.s.b.a.h2.H2ConsoleAutoConfiguration    : H2 console available at '/h2-console'. Database available at 'jdbc:h2:file:../code_db'&#10;2021-07-28 23:33:22.955  INFO 12864 --- [    Test worker] o.s.s.concurrent.ThreadPoolTaskExecutor  : Initializing ExecutorService 'applicationTaskExecutor'&#10;2021-07-28 23:33:22.959  INFO 12864 --- [         task-1] o.hibernate.jpa.internal.util.LogHelper  : HHH000204: Processing PersistenceUnitInfo [name: default]&#10;2021-07-28 23:33:22.967  INFO 12864 --- [         task-1] org.hibernate.dialect.Dialect            : HHH000400: Using dialect: org.hibernate.dialect.H2Dialect&#10;2021-07-28 23:33:22.982  WARN 12864 --- [    Test worker] JpaBaseConfiguration$JpaWebConfiguration : spring.jpa.open-in-view is enabled by default. Therefore, database queries may be performed during view rendering. Explicitly configure spring.jpa.open-in-view to disable this warning&#10;2021-07-28 23:33:23.031  INFO 12864 --- [         task-1] o.h.e.t.j.p.i.JtaPlatformInitiator       : HHH000490: Using JtaPlatform implementation: [org.hibernate.engine.transaction.jta.platform.internal.NoJtaPlatform]&#10;2021-07-28 23:33:23.032  INFO 12864 --- [         task-1] j.LocalContainerEntityManagerFactoryBean : Initialized JPA EntityManagerFactory for persistence unit 'default'&#10;2021-07-28 23:33:23.168  INFO 12864 --- [    Test worker] o.s.b.a.e.web.EndpointLinksResolver      : Exposing 14 endpoint(s) beneath base path '/actuator'&#10;2021-07-28 23:33:23.181  INFO 12864 --- [    Test worker] o.s.b.w.embedded.tomcat.TomcatWebServer  : Tomcat started on port(s): 8080 (http) with context path ''&#10;2021-07-28 23:33:23.182  INFO 12864 --- [    Test worker] DeferredRepositoryInitializationListener : Triggering deferred initialization of Spring Data repositories…&#10;2021-07-28 23:33:23.211  INFO 12864 --- [    Test worker] DeferredRepositoryInitializationListener : Spring Data repositories initialized!&#10;2021-07-28 23:33:23.215  INFO 12864 --- [    Test worker] platform.CodeSharingPlatform             : Started CodeSharingPlatform in 0.67 seconds (JVM running for 15.667)&#10;2021-07-28 23:33:23.224  INFO 12864 --- [nio-8080-exec-1] o.a.c.c.C.[Tomcat].[localhost].[/]       : Initializing Spring DispatcherServlet 'dispatcherServlet'&#10;2021-07-28 23:33:23.224  INFO 12864 --- [nio-8080-exec-1] o.s.web.servlet.DispatcherServlet        : Initializing Servlet 'dispatcherServlet'&#10;2021-07-28 23:33:23.228  INFO 12864 --- [nio-8080-exec-1] o.s.web.servlet.DispatcherServlet        : Completed initialization in 4 ms" type="java.lang.AssertionError">java.lang.AssertionError: Wrong answer in test #115

The JSON object at key views is incorrect, found 4

Full JSON:
{
  &quot;code&quot;: &quot;Snippet #18&quot;,
  &quot;date&quot;: &quot;2021/07/28 23:33:16&quot;,
  &quot;views&quot;: 4,
  &quot;time&quot;: 0
}

Please find below the output of your program during this failed test.

---


  .   ____          _            __ _ _
 /\\ / ___'_ __ _ _(_)_ __  __ _ \ \ \ \
( ( )\___ | '_ | '_| | '_ \/ _` | \ \ \ \
 \\/  ___)| |_)| | | | | || (_| |  ) ) ) )
  '  |____| .__|_| |_|_| |_\__, | / / / /
 =========|_|==============|___/=/_/_/_/
 :: Spring Boot ::        (v2.3.3.RELEASE)

2021-07-28 23:33:08.841  INFO 12864 --- [    Test worker] platform.CodeSharingPlatform             : Starting CodeSharingPlatform on PCCZARKA with PID 12864 (started by Windows in G:\Projekty\Code Sharing Platform\Code Sharing Platform\task)
2021-07-28 23:33:08.848  INFO 12864 --- [    Test worker] platform.CodeSharingPlatform             : No active profile set, falling back to default profiles: default
2021-07-28 23:33:09.799  INFO 12864 --- [    Test worker] .s.d.r.c.RepositoryConfigurationDelegate : Bootstrapping Spring Data JPA repositories in DEFERRED mode.
2021-07-28 23:33:09.853  INFO 12864 --- [    Test worker] .s.d.r.c.RepositoryConfigurationDelegate : Finished Spring Data repository scanning in 45ms. Found 1 JPA repository interfaces.
2021-07-28 23:33:10.626  INFO 12864 --- [    Test worker] o.s.b.w.embedded.tomcat.TomcatWebServer  : Tomcat initialized with port(s): 8080 (http)
2021-07-28 23:33:10.639  INFO 12864 --- [    Test worker] o.apache.catalina.core.StandardService   : Starting service [Tomcat]
2021-07-28 23:33:10.640  INFO 12864 --- [    Test worker] org.apache.catalina.core.StandardEngine  : Starting Servlet engine: [Apache Tomcat/9.0.37]
2021-07-28 23:33:10.753  INFO 12864 --- [    Test worker] o.a.c.c.C.[Tomcat].[localhost].[/]       : Initializing Spring embedded WebApplicationContext
2021-07-28 23:33:10.754  INFO 12864 --- [    Test worker] w.s.c.ServletWebServerApplicationContext : Root WebApplicationContext: initialization completed in 1842 ms
2021-07-28 23:33:10.913  INFO 12864 --- [    Test worker] com.zaxxer.hikari.HikariDataSource       : HikariPool-1 - Starting...
2021-07-28 23:33:11.121  INFO 12864 --- [    Test worker] com.zaxxer.hikari.HikariDataSource       : HikariPool-1 - Start completed.
2021-07-28 23:33:11.132  INFO 12864 --- [    Test worker] o.s.b.a.h2.H2ConsoleAutoConfiguration    : H2 console available at '/h2-console'. Database available at 'jdbc:h2:file:../code_db'
2021-07-28 23:33:11.372  INFO 12864 --- [    Test worker] o.s.s.concurrent.ThreadPoolTaskExecutor  : Initializing ExecutorService 'applicationTaskExecutor'
2021-07-28 23:33:11.426  INFO 12864 --- [         task-1] o.hibernate.jpa.internal.util.LogHelper  : HHH000204: Processing PersistenceUnitInfo [name: default]
2021-07-28 23:33:11.472  WARN 12864 --- [    Test worker] JpaBaseConfiguration$JpaWebConfiguration : spring.jpa.open-in-view is enabled by default. Therefore, database queries may be performed during view rendering. Explicitly configure spring.jpa.open-in-view to disable this warning
2021-07-28 23:33:11.492  INFO 12864 --- [         task-1] org.hibernate.Version                    : HHH000412: Hibernate ORM core version 5.4.20.Final
2021-07-28 23:33:11.740  INFO 12864 --- [         task-1] o.hibernate.annotations.common.Version   : HCANN000001: Hibernate Commons Annotations {5.1.0.Final}
2021-07-28 23:33:12.071  INFO 12864 --- [         task-1] org.hibernate.dialect.Dialect            : HHH000400: Using dialect: org.hibernate.dialect.H2Dialect
2021-07-28 23:33:12.977  INFO 12864 --- [         task-1] o.h.e.t.j.p.i.JtaPlatformInitiator       : HHH000490: Using JtaPlatform implementation: [org.hibernate.engine.transaction.jta.platform.internal.NoJtaPlatform]
2021-07-28 23:33:12.987  INFO 12864 --- [         task-1] j.LocalContainerEntityManagerFactoryBean : Initialized JPA EntityManagerFactory for persistence unit 'default'
2021-07-28 23:33:13.168  INFO 12864 --- [    Test worker] o.s.b.a.e.web.EndpointLinksResolver      : Exposing 14 endpoint(s) beneath base path '/actuator'
2021-07-28 23:33:13.218  INFO 12864 --- [    Test worker] o.s.b.w.embedded.tomcat.TomcatWebServer  : Tomcat started on port(s): 8080 (http) with context path ''
2021-07-28 23:33:13.219  INFO 12864 --- [    Test worker] DeferredRepositoryInitializationListener : Triggering deferred initialization of Spring Data repositories…
2021-07-28 23:33:13.519  INFO 12864 --- [    Test worker] DeferredRepositoryInitializationListener : Spring Data repositories initialized!
2021-07-28 23:33:13.542  INFO 12864 --- [    Test worker] platform.CodeSharingPlatform             : Started CodeSharingPlatform in 5.102 seconds (JVM running for 5.994)
2021-07-28 23:33:13.870  INFO 12864 --- [nio-8080-exec-1] o.a.c.c.C.[Tomcat].[localhost].[/]       : Initializing Spring DispatcherServlet 'dispatcherServlet'
2021-07-28 23:33:13.870  INFO 12864 --- [nio-8080-exec-1] o.s.web.servlet.DispatcherServlet        : Initializing Servlet 'dispatcherServlet'
2021-07-28 23:33:13.881  INFO 12864 --- [nio-8080-exec-1] o.s.web.servlet.DispatcherServlet        : Completed initialization in 11 ms
2021-07-28 23:33:15.707  INFO 12864 --- [       Thread-6] j.LocalContainerEntityManagerFactoryBean : Closing JPA EntityManagerFactory for persistence unit 'default'
2021-07-28 23:33:15.709  INFO 12864 --- [       Thread-6] o.s.s.concurrent.ThreadPoolTaskExecutor  : Shutting down ExecutorService 'applicationTaskExecutor'
2021-07-28 23:33:15.710  INFO 12864 --- [       Thread-6] com.zaxxer.hikari.HikariDataSource       : HikariPool-1 - Shutdown initiated...
2021-07-28 23:33:15.733  INFO 12864 --- [       Thread-6] com.zaxxer.hikari.HikariDataSource       : HikariPool-1 - Shutdown completed.

  .   ____          _            __ _ _
 /\\ / ___'_ __ _ _(_)_ __  __ _ \ \ \ \
( ( )\___ | '_ | '_| | '_ \/ _` | \ \ \ \
 \\/  ___)| |_)| | | | | || (_| |  ) ) ) )
  '  |____| .__|_| |_|_| |_\__, | / / / /
 =========|_|==============|___/=/_/_/_/
 :: Spring Boot ::        (v2.3.3.RELEASE)

2021-07-28 23:33:15.835  INFO 12864 --- [    Test worker] platform.CodeSharingPlatform             : Starting CodeSharingPlatform on PCCZARKA with PID 12864 (started by Windows in G:\Projekty\Code Sharing Platform\Code Sharing Platform\task)
2021-07-28 23:33:15.836  INFO 12864 --- [    Test worker] platform.CodeSharingPlatform             : No active profile set, falling back to default profiles: default
2021-07-28 23:33:16.058  INFO 12864 --- [    Test worker] .s.d.r.c.RepositoryConfigurationDelegate : Bootstrapping Spring Data JPA repositories in DEFERRED mode.
2021-07-28 23:33:16.064  INFO 12864 --- [    Test worker] .s.d.r.c.RepositoryConfigurationDelegate : Finished Spring Data repository scanning in 5ms. Found 1 JPA repository interfaces.
2021-07-28 23:33:16.147  INFO 12864 --- [    Test worker] o.s.b.w.embedded.tomcat.TomcatWebServer  : Tomcat initialized with port(s): 8080 (http)
2021-07-28 23:33:16.149  INFO 12864 --- [    Test worker] o.apache.catalina.core.StandardService   : Starting service [Tomcat]
2021-07-28 23:33:16.149  INFO 12864 --- [    Test worker] org.apache.catalina.core.StandardEngine  : Starting Servlet engine: [Apache Tomcat/9.0.37]
2021-07-28 23:33:16.167  INFO 12864 --- [    Test worker] o.a.c.c.C.[Tomcat].[localhost].[/]       : Initializing Spring embedded WebApplicationContext
2021-07-28 23:33:16.168  INFO 12864 --- [    Test worker] w.s.c.ServletWebServerApplicationContext : Root WebApplicationContext: initialization completed in 331 ms
2021-07-28 23:33:16.214  INFO 12864 --- [    Test worker] com.zaxxer.hikari.HikariDataSource       : HikariPool-2 - Starting...
2021-07-28 23:33:16.229  INFO 12864 --- [    Test worker] com.zaxxer.hikari.HikariDataSource       : HikariPool-2 - Start completed.
2021-07-28 23:33:16.230  INFO 12864 --- [    Test worker] o.s.b.a.h2.H2ConsoleAutoConfiguration    : H2 console available at '/h2-console'. Database available at 'jdbc:h2:file:../code_db'
2021-07-28 23:33:16.274  INFO 12864 --- [    Test worker] o.s.s.concurrent.ThreadPoolTaskExecutor  : Initializing ExecutorService 'applicationTaskExecutor'
2021-07-28 23:33:16.278  INFO 12864 --- [         task-1] o.hibernate.jpa.internal.util.LogHelper  : HHH000204: Processing PersistenceUnitInfo [name: default]
2021-07-28 23:33:16.284  INFO 12864 --- [         task-1] org.hibernate.dialect.Dialect            : HHH000400: Using dialect: org.hibernate.dialect.H2Dialect
2021-07-28 23:33:16.308  WARN 12864 --- [    Test worker] JpaBaseConfiguration$JpaWebConfiguration : spring.jpa.open-in-view is enabled by default. Therefore, database queries may be performed during view rendering. Explicitly configure spring.jpa.open-in-view to disable this warning
2021-07-28 23:33:16.373  INFO 12864 --- [         task-1] o.h.e.t.j.p.i.JtaPlatformInitiator       : HHH000490: Using JtaPlatform implementation: [org.hibernate.engine.transaction.jta.platform.internal.NoJtaPlatform]
2021-07-28 23:33:16.373  INFO 12864 --- [         task-1] j.LocalContainerEntityManagerFactoryBean : Initialized JPA EntityManagerFactory for persistence unit 'default'
2021-07-28 23:33:16.546  INFO 12864 --- [    Test worker] o.s.b.a.e.web.EndpointLinksResolver      : Exposing 14 endpoint(s) beneath base path '/actuator'
2021-07-28 23:33:16.562  INFO 12864 --- [    Test worker] o.s.b.w.embedded.tomcat.TomcatWebServer  : Tomcat started on port(s): 8080 (http) with context path ''
2021-07-28 23:33:16.562  INFO 12864 --- [    Test worker] DeferredRepositoryInitializationListener : Triggering deferred initialization of Spring Data repositories…
2021-07-28 23:33:16.596  INFO 12864 --- [    Test worker] DeferredRepositoryInitializationListener : Spring Data repositories initialized!
2021-07-28 23:33:16.602  INFO 12864 --- [    Test worker] platform.CodeSharingPlatform             : Started CodeSharingPlatform in 0.791 seconds (JVM running for 9.053)
2021-07-28 23:33:16.611  INFO 12864 --- [nio-8080-exec-1] o.a.c.c.C.[Tomcat].[localhost].[/]       : Initializing Spring DispatcherServlet 'dispatcherServlet'
2021-07-28 23:33:16.612  INFO 12864 --- [nio-8080-exec-1] o.s.web.servlet.DispatcherServlet        : Initializing Servlet 'dispatcherServlet'
2021-07-28 23:33:16.616  INFO 12864 --- [nio-8080-exec-1] o.s.web.servlet.DispatcherServlet        : Completed initialization in 3 ms
2021-07-28 23:33:22.539  INFO 12864 --- [       Thread-9] j.LocalContainerEntityManagerFactoryBean : Closing JPA EntityManagerFactory for persistence unit 'default'
2021-07-28 23:33:22.539  INFO 12864 --- [       Thread-9] o.s.s.concurrent.ThreadPoolTaskExecutor  : Shutting down ExecutorService 'applicationTaskExecutor'
2021-07-28 23:33:22.540  INFO 12864 --- [       Thread-9] com.zaxxer.hikari.HikariDataSource       : HikariPool-2 - Shutdown initiated...

  .   ____          _            __ _ _
 /\\ / ___'_ __ _ _(_)_ __  __ _ \ \ \ \
( ( )\___ | '_ | '_| | '_ \/ _` | \ \ \ \
 \\/  ___)| |_)| | | | | || (_| |  ) ) ) )
  '  |____| .__|_| |_|_| |_\__, | / / / /
 =========|_|==============|___/=/_/_/_/
 :: Spring Boot ::        (v2.3.3.RELEASE)

2021-07-28 23:33:22.566  INFO 12864 --- [    Test worker] platform.CodeSharingPlatform             : Starting CodeSharingPlatform on PCCZARKA with PID 12864 (started by Windows in G:\Projekty\Code Sharing Platform\Code Sharing Platform\task)
2021-07-28 23:33:22.566  INFO 12864 --- [    Test worker] platform.CodeSharingPlatform             : No active profile set, falling back to default profiles: default
2021-07-28 23:33:22.775  INFO 12864 --- [    Test worker] .s.d.r.c.RepositoryConfigurationDelegate : Bootstrapping Spring Data JPA repositories in DEFERRED mode.
2021-07-28 23:33:22.781  INFO 12864 --- [    Test worker] .s.d.r.c.RepositoryConfigurationDelegate : Finished Spring Data repository scanning in 5ms. Found 1 JPA repository interfaces.
2021-07-28 23:33:22.851  INFO 12864 --- [    Test worker] o.s.b.w.embedded.tomcat.TomcatWebServer  : Tomcat initialized with port(s): 8080 (http)
2021-07-28 23:33:22.852  INFO 12864 --- [    Test worker] o.apache.catalina.core.StandardService   : Starting service [Tomcat]
2021-07-28 23:33:22.852  INFO 12864 --- [    Test worker] org.apache.catalina.core.StandardEngine  : Starting Servlet engine: [Apache Tomcat/9.0.37]
2021-07-28 23:33:22.871  INFO 12864 --- [    Test worker] o.a.c.c.C.[Tomcat].[localhost].[/]       : Initializing Spring embedded WebApplicationContext
2021-07-28 23:33:22.871  INFO 12864 --- [    Test worker] w.s.c.ServletWebServerApplicationContext : Root WebApplicationContext: initialization completed in 303 ms
2021-07-28 23:33:22.905  INFO 12864 --- [    Test worker] com.zaxxer.hikari.HikariDataSource       : HikariPool-3 - Starting...
2021-07-28 23:33:22.917  INFO 12864 --- [    Test worker] com.zaxxer.hikari.HikariDataSource       : HikariPool-3 - Start completed.
2021-07-28 23:33:22.917  INFO 12864 --- [    Test worker] o.s.b.a.h2.H2ConsoleAutoConfiguration    : H2 console available at '/h2-console'. Database available at 'jdbc:h2:file:../code_db'
2021-07-28 23:33:22.955  INFO 12864 --- [    Test worker] o.s.s.concurrent.ThreadPoolTaskExecutor  : Initializing ExecutorService 'applicationTaskExecutor'
2021-07-28 23:33:22.959  INFO 12864 --- [         task-1] o.hibernate.jpa.internal.util.LogHelper  : HHH000204: Processing PersistenceUnitInfo [name: default]
2021-07-28 23:33:22.967  INFO 12864 --- [         task-1] org.hibernate.dialect.Dialect            : HHH000400: Using dialect: org.hibernate.dialect.H2Dialect
2021-07-28 23:33:22.982  WARN 12864 --- [    Test worker] JpaBaseConfiguration$JpaWebConfiguration : spring.jpa.open-in-view is enabled by default. Therefore, database queries may be performed during view rendering. Explicitly configure spring.jpa.open-in-view to disable this warning
2021-07-28 23:33:23.031  INFO 12864 --- [         task-1] o.h.e.t.j.p.i.JtaPlatformInitiator       : HHH000490: Using JtaPlatform implementation: [org.hibernate.engine.transaction.jta.platform.internal.NoJtaPlatform]
2021-07-28 23:33:23.032  INFO 12864 --- [         task-1] j.LocalContainerEntityManagerFactoryBean : Initialized JPA EntityManagerFactory for persistence unit 'default'
2021-07-28 23:33:23.168  INFO 12864 --- [    Test worker] o.s.b.a.e.web.EndpointLinksResolver      : Exposing 14 endpoint(s) beneath base path '/actuator'
2021-07-28 23:33:23.181  INFO 12864 --- [    Test worker] o.s.b.w.embedded.tomcat.TomcatWebServer  : Tomcat started on port(s): 8080 (http) with context path ''
2021-07-28 23:33:23.182  INFO 12864 --- [    Test worker] DeferredRepositoryInitializationListener : Triggering deferred initialization of Spring Data repositories…
2021-07-28 23:33:23.211  INFO 12864 --- [    Test worker] DeferredRepositoryInitializationListener : Spring Data repositories initialized!
2021-07-28 23:33:23.215  INFO 12864 --- [    Test worker] platform.CodeSharingPlatform             : Started CodeSharingPlatform in 0.67 seconds (JVM running for 15.667)
2021-07-28 23:33:23.224  INFO 12864 --- [nio-8080-exec-1] o.a.c.c.C.[Tomcat].[localhost].[/]       : Initializing Spring DispatcherServlet 'dispatcherServlet'
2021-07-28 23:33:23.224  INFO 12864 --- [nio-8080-exec-1] o.s.web.servlet.DispatcherServlet        : Initializing Servlet 'dispatcherServlet'
2021-07-28 23:33:23.228  INFO 12864 --- [nio-8080-exec-1] o.s.web.servlet.DispatcherServlet        : Completed initialization in 4 ms
	at org.junit.Assert.fail(Assert.java:89)
	at org.hyperskill.hstest.stage.StageTest.start(StageTest.java:131)
	at java.base/jdk.internal.reflect.NativeMethodAccessorImpl.invoke0(Native Method)
	at java.base/jdk.internal.reflect.NativeMethodAccessorImpl.invoke(NativeMethodAccessorImpl.java:62)
	at java.base/jdk.internal.reflect.DelegatingMethodAccessorImpl.invoke(DelegatingMethodAccessorImpl.java:43)
	at java.base/java.lang.reflect.Method.invoke(Method.java:566)
	at org.junit.runners.model.FrameworkMethod$1.runReflectiveCall(FrameworkMethod.java:59)
	at org.junit.internal.runners.model.ReflectiveCallable.run(ReflectiveCallable.java:12)
	at org.junit.runners.model.FrameworkMethod.invokeExplosively(FrameworkMethod.java:56)
	at org.junit.internal.runners.statements.InvokeMethod.evaluate(InvokeMethod.java:17)
	at org.junit.internal.runners.statements.RunAfters.evaluate(RunAfters.java:27)
	at org.junit.runners.ParentRunner$3.evaluate(ParentRunner.java:306)
	at org.junit.runners.BlockJUnit4ClassRunner$1.evaluate(BlockJUnit4ClassRunner.java:100)
	at org.junit.runners.ParentRunner.runLeaf(ParentRunner.java:366)
	at org.junit.runners.BlockJUnit4ClassRunner.runChild(BlockJUnit4ClassRunner.java:103)
	at org.junit.runners.BlockJUnit4ClassRunner.runChild(BlockJUnit4ClassRunner.java:63)
	at org.junit.runners.ParentRunner$4.run(ParentRunner.java:331)
	at org.junit.runners.ParentRunner$1.schedule(ParentRunner.java:79)
	at org.junit.runners.ParentRunner.runChildren(ParentRunner.java:329)
	at org.junit.runners.ParentRunner.access$100(ParentRunner.java:66)
	at org.junit.runners.ParentRunner$2.evaluate(ParentRunner.java:293)
	at org.junit.runners.ParentRunner$3.evaluate(ParentRunner.java:306)
	at org.junit.runners.ParentRunner.run(ParentRunner.java:413)
	at org.gradle.api.internal.tasks.testing.junit.JUnitTestClassExecutor.runTestClass(JUnitTestClassExecutor.java:110)
	at org.gradle.api.internal.tasks.testing.junit.JUnitTestClassExecutor.execute(JUnitTestClassExecutor.java:58)
	at org.gradle.api.internal.tasks.testing.junit.JUnitTestClassExecutor.execute(JUnitTestClassExecutor.java:38)
	at org.gradle.api.internal.tasks.testing.junit.AbstractJUnitTestClassProcessor.processTestClass(AbstractJUnitTestClassProcessor.java:62)
	at org.gradle.api.internal.tasks.testing.SuiteTestClassProcessor.processTestClass(SuiteTestClassProcessor.java:51)
	at java.base/jdk.internal.reflect.NativeMethodAccessorImpl.invoke0(Native Method)
	at java.base/jdk.internal.reflect.NativeMethodAccessorImpl.invoke(NativeMethodAccessorImpl.java:62)
	at java.base/jdk.internal.reflect.DelegatingMethodAccessorImpl.invoke(DelegatingMethodAccessorImpl.java:43)
	at java.base/java.lang.reflect.Method.invoke(Method.java:566)
	at org.gradle.internal.dispatch.ReflectionDispatch.dispatch(ReflectionDispatch.java:36)
	at org.gradle.internal.dispatch.ReflectionDispatch.dispatch(ReflectionDispatch.java:24)
	at org.gradle.internal.dispatch.ContextClassLoaderDispatch.dispatch(ContextClassLoaderDispatch.java:33)
	at org.gradle.internal.dispatch.ProxyDispatchAdapter$DispatchingInvocationHandler.invoke(ProxyDispatchAdapter.java:94)
	at com.sun.proxy.$Proxy2.processTestClass(Unknown Source)
	at org.gradle.api.internal.tasks.testing.worker.TestWorker.processTestClass(TestWorker.java:121)
	at java.base/jdk.internal.reflect.NativeMethodAccessorImpl.invoke0(Native Method)
	at java.base/jdk.internal.reflect.NativeMethodAccessorImpl.invoke(NativeMethodAccessorImpl.java:62)
	at java.base/jdk.internal.reflect.DelegatingMethodAccessorImpl.invoke(DelegatingMethodAccessorImpl.java:43)
	at java.base/java.lang.reflect.Method.invoke(Method.java:566)
	at org.gradle.internal.dispatch.ReflectionDispatch.dispatch(ReflectionDispatch.java:36)
	at org.gradle.internal.dispatch.ReflectionDispatch.dispatch(ReflectionDispatch.java:24)
	at org.gradle.internal.remote.internal.hub.MessageHubBackedObjectConnection$DispatchWrapper.dispatch(MessageHubBackedObjectConnection.java:182)
	at org.gradle.internal.remote.internal.hub.MessageHubBackedObjectConnection$DispatchWrapper.dispatch(MessageHubBackedObjectConnection.java:164)
	at org.gradle.internal.remote.internal.hub.MessageHub$Handler.run(MessageHub.java:414)
	at org.gradle.internal.concurrent.ExecutorPolicy$CatchAndRecordFailures.onExecute(ExecutorPolicy.java:64)
	at org.gradle.internal.concurrent.ManagedExecutorImpl$1.run(ManagedExecutorImpl.java:48)
	at java.base/java.util.concurrent.ThreadPoolExecutor.runWorker(ThreadPoolExecutor.java:1128)
	at java.base/java.util.concurrent.ThreadPoolExecutor$Worker.run(ThreadPoolExecutor.java:628)
	at org.gradle.internal.concurrent.ThreadFactoryImpl$ManagedThreadRunnable.run(ThreadFactoryImpl.java:56)
	at java.base/java.lang.Thread.run(Thread.java:829)
</failure>
  </testcase>
  <system-out><![CDATA[?[1;31m
Start test 1?[0m

  .   ____          _            __ _ _
 /\\ / ___'_ __ _ _(_)_ __  __ _ \ \ \ \
( ( )\___ | '_ | '_| | '_ \/ _` | \ \ \ \
 \\/  ___)| |_)| | | | | || (_| |  ) ) ) )
  '  |____| .__|_| |_|_| |_\__, | / / / /
 =========|_|==============|___/=/_/_/_/
 :: Spring Boot ::        (v2.3.3.RELEASE)

2021-07-28 23:33:08.841  INFO 12864 --- [    Test worker] platform.CodeSharingPlatform             : Starting CodeSharingPlatform on PCCZARKA with PID 12864 (started by Windows in G:\Projekty\Code Sharing Platform\Code Sharing Platform\task)
2021-07-28 23:33:08.848  INFO 12864 --- [    Test worker] platform.CodeSharingPlatform             : No active profile set, falling back to default profiles: default
2021-07-28 23:33:09.799  INFO 12864 --- [    Test worker] .s.d.r.c.RepositoryConfigurationDelegate : Bootstrapping Spring Data JPA repositories in DEFERRED mode.
2021-07-28 23:33:09.853  INFO 12864 --- [    Test worker] .s.d.r.c.RepositoryConfigurationDelegate : Finished Spring Data repository scanning in 45ms. Found 1 JPA repository interfaces.
2021-07-28 23:33:10.626  INFO 12864 --- [    Test worker] o.s.b.w.embedded.tomcat.TomcatWebServer  : Tomcat initialized with port(s): 8080 (http)
2021-07-28 23:33:10.639  INFO 12864 --- [    Test worker] o.apache.catalina.core.StandardService   : Starting service [Tomcat]
2021-07-28 23:33:10.640  INFO 12864 --- [    Test worker] org.apache.catalina.core.StandardEngine  : Starting Servlet engine: [Apache Tomcat/9.0.37]
2021-07-28 23:33:10.753  INFO 12864 --- [    Test worker] o.a.c.c.C.[Tomcat].[localhost].[/]       : Initializing Spring embedded WebApplicationContext
2021-07-28 23:33:10.754  INFO 12864 --- [    Test worker] w.s.c.ServletWebServerApplicationContext : Root WebApplicationContext: initialization completed in 1842 ms
2021-07-28 23:33:10.913  INFO 12864 --- [    Test worker] com.zaxxer.hikari.HikariDataSource       : HikariPool-1 - Starting...
2021-07-28 23:33:11.121  INFO 12864 --- [    Test worker] com.zaxxer.hikari.HikariDataSource       : HikariPool-1 - Start completed.
2021-07-28 23:33:11.132  INFO 12864 --- [    Test worker] o.s.b.a.h2.H2ConsoleAutoConfiguration    : H2 console available at '/h2-console'. Database available at 'jdbc:h2:file:../code_db'
2021-07-28 23:33:11.372  INFO 12864 --- [    Test worker] o.s.s.concurrent.ThreadPoolTaskExecutor  : Initializing ExecutorService 'applicationTaskExecutor'
2021-07-28 23:33:11.426  INFO 12864 --- [         task-1] o.hibernate.jpa.internal.util.LogHelper  : HHH000204: Processing PersistenceUnitInfo [name: default]
2021-07-28 23:33:11.472  WARN 12864 --- [    Test worker] JpaBaseConfiguration$JpaWebConfiguration : spring.jpa.open-in-view is enabled by default. Therefore, database queries may be performed during view rendering. Explicitly configure spring.jpa.open-in-view to disable this warning
2021-07-28 23:33:11.492  INFO 12864 --- [         task-1] org.hibernate.Version                    : HHH000412: Hibernate ORM core version 5.4.20.Final
2021-07-28 23:33:11.740  INFO 12864 --- [         task-1] o.hibernate.annotations.common.Version   : HCANN000001: Hibernate Commons Annotations {5.1.0.Final}
2021-07-28 23:33:12.071  INFO 12864 --- [         task-1] org.hibernate.dialect.Dialect            : HHH000400: Using dialect: org.hibernate.dialect.H2Dialect
2021-07-28 23:33:12.977  INFO 12864 --- [         task-1] o.h.e.t.j.p.i.JtaPlatformInitiator       : HHH000490: Using JtaPlatform implementation: [org.hibernate.engine.transaction.jta.platform.internal.NoJtaPlatform]
2021-07-28 23:33:12.987  INFO 12864 --- [         task-1] j.LocalContainerEntityManagerFactoryBean : Initialized JPA EntityManagerFactory for persistence unit 'default'
2021-07-28 23:33:13.168  INFO 12864 --- [    Test worker] o.s.b.a.e.web.EndpointLinksResolver      : Exposing 14 endpoint(s) beneath base path '/actuator'
2021-07-28 23:33:13.218  INFO 12864 --- [    Test worker] o.s.b.w.embedded.tomcat.TomcatWebServer  : Tomcat started on port(s): 8080 (http) with context path ''
2021-07-28 23:33:13.219  INFO 12864 --- [    Test worker] DeferredRepositoryInitializationListener : Triggering deferred initialization of Spring Data repositories…
2021-07-28 23:33:13.519  INFO 12864 --- [    Test worker] DeferredRepositoryInitializationListener : Spring Data repositories initialized!
2021-07-28 23:33:13.542  INFO 12864 --- [    Test worker] platform.CodeSharingPlatform             : Started CodeSharingPlatform in 5.102 seconds (JVM running for 5.994)
2021-07-28 23:33:13.870  INFO 12864 --- [nio-8080-exec-1] o.a.c.c.C.[Tomcat].[localhost].[/]       : Initializing Spring DispatcherServlet 'dispatcherServlet'
2021-07-28 23:33:13.870  INFO 12864 --- [nio-8080-exec-1] o.s.web.servlet.DispatcherServlet        : Initializing Servlet 'dispatcherServlet'
2021-07-28 23:33:13.881  INFO 12864 --- [nio-8080-exec-1] o.s.web.servlet.DispatcherServlet        : Completed initialization in 11 ms
?[1;31m
Start test 2?[0m
?[1;31m
Start test 3?[0m
?[1;31m
Start test 4?[0m
?[1;31m
Start test 5?[0m
?[1;31m
Start test 6?[0m
?[1;31m
Start test 7?[0m
?[1;31m
Start test 8?[0m
?[1;31m
Start test 9?[0m
?[1;31m
Start test 10?[0m
?[1;31m
Start test 11?[0m
?[1;31m
Start test 12?[0m
?[1;31m
Start test 13?[0m
?[1;31m
Start test 14?[0m
?[1;31m
Start test 15?[0m
?[1;31m
Start test 16?[0m
?[1;31m
Start test 17?[0m
?[1;31m
Start test 18?[0m
?[1;31m
Start test 19?[0m
?[1;31m
Start test 20?[0m
?[1;31m
Start test 21?[0m
?[1;31m
Start test 22?[0m
?[1;31m
Start test 23?[0m
?[1;31m
Start test 24?[0m
?[1;31m
Start test 25?[0m
?[1;31m
Start test 26?[0m
?[1;31m
Start test 27?[0m
?[1;31m
Start test 28?[0m
?[1;31m
Start test 29?[0m
?[1;31m
Start test 30?[0m
?[1;31m
Start test 31?[0m
?[1;31m
Start test 32?[0m
?[1;31m
Start test 33?[0m
?[1;31m
Start test 34?[0m
?[1;31m
Start test 35?[0m
?[1;31m
Start test 36?[0m
?[1;31m
Start test 37?[0m
?[1;31m
Start test 38?[0m
?[1;31m
Start test 39?[0m
?[1;31m
Start test 40?[0m
?[1;31m
Start test 41?[0m
?[1;31m
Start test 42?[0m
?[1;31m
Start test 43?[0m
?[1;31m
Start test 44?[0m
?[1;31m
Start test 45?[0m
?[1;31m
Start test 46?[0m
?[1;31m
Start test 47?[0m
?[1;31m
Start test 48?[0m
?[1;31m
Start test 49?[0m
?[1;31m
Start test 50?[0m
?[1;31m
Start test 51?[0m
?[1;31m
Start test 52?[0m
?[1;31m
Start test 53?[0m
?[1;31m
Start test 54?[0m
?[1;31m
Start test 55?[0m
?[1;31m
Start test 56?[0m
2021-07-28 23:33:15.707  INFO 12864 --- [       Thread-6] j.LocalContainerEntityManagerFactoryBean : Closing JPA EntityManagerFactory for persistence unit 'default'
2021-07-28 23:33:15.709  INFO 12864 --- [       Thread-6] o.s.s.concurrent.ThreadPoolTaskExecutor  : Shutting down ExecutorService 'applicationTaskExecutor'
2021-07-28 23:33:15.710  INFO 12864 --- [       Thread-6] com.zaxxer.hikari.HikariDataSource       : HikariPool-1 - Shutdown initiated...
2021-07-28 23:33:15.733  INFO 12864 --- [       Thread-6] com.zaxxer.hikari.HikariDataSource       : HikariPool-1 - Shutdown completed.

  .   ____          _            __ _ _
 /\\ / ___'_ __ _ _(_)_ __  __ _ \ \ \ \
( ( )\___ | '_ | '_| | '_ \/ _` | \ \ \ \
 \\/  ___)| |_)| | | | | || (_| |  ) ) ) )
  '  |____| .__|_| |_|_| |_\__, | / / / /
 =========|_|==============|___/=/_/_/_/
 :: Spring Boot ::        (v2.3.3.RELEASE)

2021-07-28 23:33:15.835  INFO 12864 --- [    Test worker] platform.CodeSharingPlatform             : Starting CodeSharingPlatform on PCCZARKA with PID 12864 (started by Windows in G:\Projekty\Code Sharing Platform\Code Sharing Platform\task)
2021-07-28 23:33:15.836  INFO 12864 --- [    Test worker] platform.CodeSharingPlatform             : No active profile set, falling back to default profiles: default
2021-07-28 23:33:16.058  INFO 12864 --- [    Test worker] .s.d.r.c.RepositoryConfigurationDelegate : Bootstrapping Spring Data JPA repositories in DEFERRED mode.
2021-07-28 23:33:16.064  INFO 12864 --- [    Test worker] .s.d.r.c.RepositoryConfigurationDelegate : Finished Spring Data repository scanning in 5ms. Found 1 JPA repository interfaces.
2021-07-28 23:33:16.147  INFO 12864 --- [    Test worker] o.s.b.w.embedded.tomcat.TomcatWebServer  : Tomcat initialized with port(s): 8080 (http)
2021-07-28 23:33:16.149  INFO 12864 --- [    Test worker] o.apache.catalina.core.StandardService   : Starting service [Tomcat]
2021-07-28 23:33:16.149  INFO 12864 --- [    Test worker] org.apache.catalina.core.StandardEngine  : Starting Servlet engine: [Apache Tomcat/9.0.37]
2021-07-28 23:33:16.167  INFO 12864 --- [    Test worker] o.a.c.c.C.[Tomcat].[localhost].[/]       : Initializing Spring embedded WebApplicationContext
2021-07-28 23:33:16.168  INFO 12864 --- [    Test worker] w.s.c.ServletWebServerApplicationContext : Root WebApplicationContext: initialization completed in 331 ms
2021-07-28 23:33:16.214  INFO 12864 --- [    Test worker] com.zaxxer.hikari.HikariDataSource       : HikariPool-2 - Starting...
2021-07-28 23:33:16.229  INFO 12864 --- [    Test worker] com.zaxxer.hikari.HikariDataSource       : HikariPool-2 - Start completed.
2021-07-28 23:33:16.230  INFO 12864 --- [    Test worker] o.s.b.a.h2.H2ConsoleAutoConfiguration    : H2 console available at '/h2-console'. Database available at 'jdbc:h2:file:../code_db'
2021-07-28 23:33:16.274  INFO 12864 --- [    Test worker] o.s.s.concurrent.ThreadPoolTaskExecutor  : Initializing ExecutorService 'applicationTaskExecutor'
2021-07-28 23:33:16.278  INFO 12864 --- [         task-1] o.hibernate.jpa.internal.util.LogHelper  : HHH000204: Processing PersistenceUnitInfo [name: default]
2021-07-28 23:33:16.284  INFO 12864 --- [         task-1] org.hibernate.dialect.Dialect            : HHH000400: Using dialect: org.hibernate.dialect.H2Dialect
2021-07-28 23:33:16.308  WARN 12864 --- [    Test worker] JpaBaseConfiguration$JpaWebConfiguration : spring.jpa.open-in-view is enabled by default. Therefore, database queries may be performed during view rendering. Explicitly configure spring.jpa.open-in-view to disable this warning
2021-07-28 23:33:16.373  INFO 12864 --- [         task-1] o.h.e.t.j.p.i.JtaPlatformInitiator       : HHH000490: Using JtaPlatform implementation: [org.hibernate.engine.transaction.jta.platform.internal.NoJtaPlatform]
2021-07-28 23:33:16.373  INFO 12864 --- [         task-1] j.LocalContainerEntityManagerFactoryBean : Initialized JPA EntityManagerFactory for persistence unit 'default'
2021-07-28 23:33:16.546  INFO 12864 --- [    Test worker] o.s.b.a.e.web.EndpointLinksResolver      : Exposing 14 endpoint(s) beneath base path '/actuator'
2021-07-28 23:33:16.562  INFO 12864 --- [    Test worker] o.s.b.w.embedded.tomcat.TomcatWebServer  : Tomcat started on port(s): 8080 (http) with context path ''
2021-07-28 23:33:16.562  INFO 12864 --- [    Test worker] DeferredRepositoryInitializationListener : Triggering deferred initialization of Spring Data repositories…
2021-07-28 23:33:16.596  INFO 12864 --- [    Test worker] DeferredRepositoryInitializationListener : Spring Data repositories initialized!
2021-07-28 23:33:16.602  INFO 12864 --- [    Test worker] platform.CodeSharingPlatform             : Started CodeSharingPlatform in 0.791 seconds (JVM running for 9.053)
?[1;31m
Start test 57?[0m
2021-07-28 23:33:16.611  INFO 12864 --- [nio-8080-exec-1] o.a.c.c.C.[Tomcat].[localhost].[/]       : Initializing Spring DispatcherServlet 'dispatcherServlet'
2021-07-28 23:33:16.612  INFO 12864 --- [nio-8080-exec-1] o.s.web.servlet.DispatcherServlet        : Initializing Servlet 'dispatcherServlet'
2021-07-28 23:33:16.616  INFO 12864 --- [nio-8080-exec-1] o.s.web.servlet.DispatcherServlet        : Completed initialization in 3 ms
?[1;31m
Start test 58?[0m
?[1;31m
Start test 59?[0m
?[1;31m
Start test 60?[0m
?[1;31m
Start test 61?[0m
?[1;31m
Start test 62?[0m
?[1;31m
Start test 63?[0m
?[1;31m
Start test 64?[0m
?[1;31m
Start test 65?[0m
?[1;31m
Start test 66?[0m
?[1;31m
Start test 67?[0m
?[1;31m
Start test 68?[0m
?[1;31m
Start test 69?[0m
?[1;31m
Start test 70?[0m
?[1;31m
Start test 71?[0m
?[1;31m
Start test 72?[0m
?[1;31m
Start test 73?[0m
?[1;31m
Start test 74?[0m
?[1;31m
Start test 75?[0m
?[1;31m
Start test 76?[0m
?[1;31m
Start test 77?[0m
?[1;31m
Start test 78?[0m
?[1;31m
Start test 79?[0m
?[1;31m
Start test 80?[0m
?[1;31m
Start test 81?[0m
?[1;31m
Start test 82?[0m
?[1;31m
Start test 83?[0m
?[1;31m
Start test 84?[0m
?[1;31m
Start test 85?[0m
?[1;31m
Start test 86?[0m
?[1;31m
Start test 87?[0m
?[1;31m
Start test 88?[0m
?[1;31m
Start test 89?[0m
?[1;31m
Start test 90?[0m
?[1;31m
Start test 91?[0m
?[1;31m
Start test 92?[0m
?[1;31m
Start test 93?[0m
?[1;31m
Start test 94?[0m
?[1;31m
Start test 95?[0m
?[1;31m
Start test 96?[0m
?[1;31m
Start test 97?[0m
?[1;31m
Start test 98?[0m
?[1;31m
Start test 99?[0m
?[1;31m
Start test 100?[0m
?[1;31m
Start test 101?[0m
?[1;31m
Start test 102?[0m
?[1;31m
Start test 103?[0m
2021-07-28 23:33:22.539  INFO 12864 --- [       Thread-9] j.LocalContainerEntityManagerFactoryBean : Closing JPA EntityManagerFactory for persistence unit 'default'
2021-07-28 23:33:22.539  INFO 12864 --- [       Thread-9] o.s.s.concurrent.ThreadPoolTaskExecutor  : Shutting down ExecutorService 'applicationTaskExecutor'
2021-07-28 23:33:22.540  INFO 12864 --- [       Thread-9] com.zaxxer.hikari.HikariDataSource       : HikariPool-2 - Shutdown initiated...

  .   ____          _            __ _ _
 /\\ / ___'_ __ _ _(_)_ __  __ _ \ \ \ \
( ( )\___ | '_ | '_| | '_ \/ _` | \ \ \ \
 \\/  ___)| |_)| | | | | || (_| |  ) ) ) )
  '  |____| .__|_| |_|_| |_\__, | / / / /
 =========|_|==============|___/=/_/_/_/
 :: Spring Boot ::        (v2.3.3.RELEASE)

2021-07-28 23:33:22.566  INFO 12864 --- [    Test worker] platform.CodeSharingPlatform             : Starting CodeSharingPlatform on PCCZARKA with PID 12864 (started by Windows in G:\Projekty\Code Sharing Platform\Code Sharing Platform\task)
2021-07-28 23:33:22.566  INFO 12864 --- [    Test worker] platform.CodeSharingPlatform             : No active profile set, falling back to default profiles: default
2021-07-28 23:33:22.775  INFO 12864 --- [    Test worker] .s.d.r.c.RepositoryConfigurationDelegate : Bootstrapping Spring Data JPA repositories in DEFERRED mode.
2021-07-28 23:33:22.781  INFO 12864 --- [    Test worker] .s.d.r.c.RepositoryConfigurationDelegate : Finished Spring Data repository scanning in 5ms. Found 1 JPA repository interfaces.
2021-07-28 23:33:22.851  INFO 12864 --- [    Test worker] o.s.b.w.embedded.tomcat.TomcatWebServer  : Tomcat initialized with port(s): 8080 (http)
2021-07-28 23:33:22.852  INFO 12864 --- [    Test worker] o.apache.catalina.core.StandardService   : Starting service [Tomcat]
2021-07-28 23:33:22.852  INFO 12864 --- [    Test worker] org.apache.catalina.core.StandardEngine  : Starting Servlet engine: [Apache Tomcat/9.0.37]
2021-07-28 23:33:22.871  INFO 12864 --- [    Test worker] o.a.c.c.C.[Tomcat].[localhost].[/]       : Initializing Spring embedded WebApplicationContext
2021-07-28 23:33:22.871  INFO 12864 --- [    Test worker] w.s.c.ServletWebServerApplicationContext : Root WebApplicationContext: initialization completed in 303 ms
2021-07-28 23:33:22.905  INFO 12864 --- [    Test worker] com.zaxxer.hikari.HikariDataSource       : HikariPool-3 - Starting...
2021-07-28 23:33:22.917  INFO 12864 --- [    Test worker] com.zaxxer.hikari.HikariDataSource       : HikariPool-3 - Start completed.
2021-07-28 23:33:22.917  INFO 12864 --- [    Test worker] o.s.b.a.h2.H2ConsoleAutoConfiguration    : H2 console available at '/h2-console'. Database available at 'jdbc:h2:file:../code_db'
2021-07-28 23:33:22.955  INFO 12864 --- [    Test worker] o.s.s.concurrent.ThreadPoolTaskExecutor  : Initializing ExecutorService 'applicationTaskExecutor'
2021-07-28 23:33:22.959  INFO 12864 --- [         task-1] o.hibernate.jpa.internal.util.LogHelper  : HHH000204: Processing PersistenceUnitInfo [name: default]
2021-07-28 23:33:22.967  INFO 12864 --- [         task-1] org.hibernate.dialect.Dialect            : HHH000400: Using dialect: org.hibernate.dialect.H2Dialect
2021-07-28 23:33:22.982  WARN 12864 --- [    Test worker] JpaBaseConfiguration$JpaWebConfiguration : spring.jpa.open-in-view is enabled by default. Therefore, database queries may be performed during view rendering. Explicitly configure spring.jpa.open-in-view to disable this warning
2021-07-28 23:33:23.031  INFO 12864 --- [         task-1] o.h.e.t.j.p.i.JtaPlatformInitiator       : HHH000490: Using JtaPlatform implementation: [org.hibernate.engine.transaction.jta.platform.internal.NoJtaPlatform]
2021-07-28 23:33:23.032  INFO 12864 --- [         task-1] j.LocalContainerEntityManagerFactoryBean : Initialized JPA EntityManagerFactory for persistence unit 'default'
2021-07-28 23:33:23.168  INFO 12864 --- [    Test worker] o.s.b.a.e.web.EndpointLinksResolver      : Exposing 14 endpoint(s) beneath base path '/actuator'
2021-07-28 23:33:23.181  INFO 12864 --- [    Test worker] o.s.b.w.embedded.tomcat.TomcatWebServer  : Tomcat started on port(s): 8080 (http) with context path ''
2021-07-28 23:33:23.182  INFO 12864 --- [    Test worker] DeferredRepositoryInitializationListener : Triggering deferred initialization of Spring Data repositories…
2021-07-28 23:33:23.211  INFO 12864 --- [    Test worker] DeferredRepositoryInitializationListener : Spring Data repositories initialized!
2021-07-28 23:33:23.215  INFO 12864 --- [    Test worker] platform.CodeSharingPlatform             : Started CodeSharingPlatform in 0.67 seconds (JVM running for 15.667)
?[1;31m
Start test 104?[0m
?[1;31m
Start test 105?[0m
2021-07-28 23:33:23.224  INFO 12864 --- [nio-8080-exec-1] o.a.c.c.C.[Tomcat].[localhost].[/]       : Initializing Spring DispatcherServlet 'dispatcherServlet'
2021-07-28 23:33:23.224  INFO 12864 --- [nio-8080-exec-1] o.s.web.servlet.DispatcherServlet        : Initializing Servlet 'dispatcherServlet'
2021-07-28 23:33:23.228  INFO 12864 --- [nio-8080-exec-1] o.s.web.servlet.DispatcherServlet        : Completed initialization in 4 ms
?[1;31m
Start test 106?[0m
?[1;31m
Start test 107?[0m
?[1;31m
Start test 108?[0m
?[1;31m
Start test 109?[0m
?[1;31m
Start test 110?[0m
?[1;31m
Start test 111?[0m
?[1;31m
Start test 112?[0m
?[1;31m
Start test 113?[0m
?[1;31m
Start test 114?[0m
?[1;31m
Start test 115?[0m
]]></system-out>
  <system-err><![CDATA[]]></system-err>
</testsuite>
